input in flex scanner failed
(0)	complete OMI selling Tue Aug  6 11:09:29 CST 2024
(0)	IOnP begin. Tue Aug  6 11:09:29 CST 2024
(0)	phase 1 begin.
(0)	phase 1 done.
(0)	phase 2 begin.
(0)	phase 2 done.
(0)	phase 3 begin.
(0)	phase 3 done.
(0)	phase 4 begin.
(0)	phase 4 done.
(0)	phase 5 begin.
(0)	phase 5 done.
(0)	phase 6 begin.
(0)	phase 6 done.
(0)	phase 7 begin.
(0)	phase 7 done.
(0)	phase 8 begin.
(0)	phase 8 done.
(0)	IOnP done. Tue Aug  6 11:10:39 CST 2024
(0)	IOiP begin. Tue Aug  6 11:10:39 CST 2024
(0)	phase 1 begin.
(0)	phase 1 done.
(0)	phase 2 begin.
(0)	phase 2 done.
(0)	phase 3 begin.
(0)	phase 3 done.
(0)	phase 4 begin.
(0)	phase 4 done.
(0)	phase 5 begin.
(0)	phase 5 done.
(0)	phase 6 begin.
(0)	phase 6 done.
(0)	phase 7 begin.
(0)	phase 7 done.
(0)	phase 8 begin.
(0)	phase 8 done.
(0)	IOiP done. Tue Aug  6 11:15:50 CST 2024
(0)	IOfP begin. Tue Aug  6 11:15:50 CST 2024
(0)	phase 1 begin.
(0)	phase 1 done.
(0)	phase 2 begin.
(0)	phase 2 done.
(0)	phase 3 begin.
(0)	phase 3 done.
(0)	phase 4 begin.
(0)	phase 4 done.
(0)	phase 5 begin.
(0)	phase 5 done.
(0)	phase 6 begin.
(0)	phase 6 done.
(0)	phase 7 begin.
(0)	phase 7 done.
(0)	phase 8 begin.
(0)	phase 8 done.
(0)	IOfP done. Tue Aug  6 11:23:03 CST 2024
(0)	IOsP begin. Tue Aug  6 11:23:03 CST 2024
(0)	phase 1 begin.
(0)	phase 1 done.
(0)	phase 2 begin.
(0)	phase 2 done.
(0)	phase 3 begin.
(0)	phase 3 done.
(0)	phase 4 begin.
(0)	phase 4 done.
(0)	phase 5 begin.
(0)	phase 5 done.
(0)	phase 6 begin.
(0)	phase 6 done.
(0)	phase 7 begin.
(0)	phase 7 done.
(0)	phase 8 begin.
(0)	phase 8 done.
(0)	IOsP done. Tue Aug  6 11:24:52 CST 2024
(0)	store begin. Tue Aug  6 11:24:52 CST 2024
(0)	store done. Tue Aug  6 11:24:52 CST 2024
