input in flex scanner failed

Variable: z
Type: float
Total Size: 87687600 bytes
            21921900 values
Number of Dimensions: 3
Dimensions and sizes:	[time | 16060] x [lat | 21] x [lon | 65]
Coordinates: 
            time: [692505..1078185]
            lat: [  10..  60]
            lon: [  80.. 240]
Number Of Attributes: 4
  terms :	( 0, 1, 2, 3, 4 )
  var :	0: general, 1: divi&vorm 2: i_mvor adv 3: divm&vori 4: m_ivor adv
  unit :	s^(-2)
  _FillValue :	9.96921e+36
(0)	complete OMI selling Tue Nov 12 10:35:07 CST 2024
(0)	random calc begin. Tue Nov 12 10:35:07 CST 2024
(0)	random calc done. Tue Nov 12 16:09:52 CST 2024


Variable: rf (subsection)
Type: float
Total Size: 44 bytes
            11 values
Number of Dimensions: 1
Dimensions and sizes:	[11]
Coordinates: 
Number Of Attributes: 1
  _FillValue :	9.96921e+36
(0)	0.325
(1)	0.3727273
(2)	0.3477273
(3)	0.3795455
(4)	0.4022727
(5)	0.3590909
(6)	0.3522727
(7)	0.3704545
(8)	0.4204545
(9)	0.3772727
(10)	0.35
(0)	store begin. Tue Nov 12 16:09:52 CST 2024
(0)	store done. Tue Nov 12 16:09:52 CST 2024
