nohup: ignoring input
2019 and 2018 begin. 2024-10-29 16:19:26
ecmwfdata clim done.
ecmwfdata anomaly done.
remove previous 120 days done.
store anomalies done.
ecmwfdata clim done.
ecmwfdata anomaly done.
remove previous 120 days done.
store anomalies done.
2019 and 2018 done. 2024-10-29 18:11:54
2017 and 2016 begin. 2024-10-29 18:11:54
ecmwfdata clim done.
ecmwfdata anomaly done.
remove previous 120 days done.
store anomalies done.
ecmwfdata clim done.
ecmwfdata anomaly done.
remove previous 120 days done.
store anomalies done.
2017 and 2016 done. 2024-10-29 20:05:26
