week1 begin. Mon Nov 11 10:11:02 CST 2024
input in flex scanner failed
(0)	doneTue Nov 12 08:38:53 CST 2024
week1 done. Tue Nov 12 08:38:53 CST 2024
week2 begin. Tue Nov 12 08:38:53 CST 2024
input in flex scanner failed
(0)	doneWed Nov 13 07:06:12 CST 2024
input in flex scanner failed
(0)	doneWed Nov 13 16:30:48 CST 2024
input in flex scanner failed
(0)	doneWed Nov 13 16:31:33 CST 2024
input in flex scanner failed
(0)	week3 begin. Wed Nov 13 17:39:29 CST 2024
(0)	week3 done. Thu Nov 14 16:05:27 CST 2024
input in flex scanner failed
(0)	week1 begin. Wed Nov 13 17:39:39 CST 2024
(0)	week1 done. Thu Nov 14 16:06:16 CST 2024
input in flex scanner failed
(0)	week4 begin. Wed Nov 13 17:39:33 CST 2024
(0)	week4 done. Thu Nov 14 16:06:35 CST 2024
input in flex scanner failed
(0)	week2 begin. Wed Nov 13 17:39:36 CST 2024
(0)	week2 done. Thu Nov 14 16:07:12 CST 2024
