nohup: ignoring input
input in flex scanner failed
(0)	complete RMM selling Mon Aug  5 21:05:36 CST 2024
(0)	IOnP begin. Mon Aug  5 21:05:36 CST 2024
(0)	phase 1 begin.
(0)	phase 1 done.
(0)	phase 2 begin.
(0)	phase 2 done.
(0)	phase 3 begin.
(0)	phase 3 done.
(0)	phase 4 begin.
(0)	phase 4 done.
(0)	phase 5 begin.
(0)	phase 5 done.
(0)	phase 6 begin.
(0)	phase 6 done.
(0)	phase 7 begin.
(0)	phase 7 done.
(0)	phase 8 begin.
(0)	phase 8 done.
(0)	IOnP done. Mon Aug  5 21:07:38 CST 2024
(0)	IOiP begin. Mon Aug  5 21:07:38 CST 2024
(0)	phase 1 begin.
(0)	phase 1 done.
(0)	phase 2 begin.
(0)	phase 2 done.
(0)	phase 3 begin.
(0)	phase 3 done.
(0)	phase 4 begin.
(0)	phase 4 done.
(0)	phase 5 begin.
(0)	phase 5 done.
(0)	phase 6 begin.
(0)	phase 6 done.
(0)	phase 7 begin.
(0)	phase 7 done.
(0)	phase 8 begin.
(0)	phase 8 done.
(0)	IOiP done. Mon Aug  5 21:10:42 CST 2024
(0)	IOfP begin. Mon Aug  5 21:10:42 CST 2024
(0)	phase 1 begin.
(0)	phase 1 done.
(0)	phase 2 begin.
(0)	phase 2 done.
(0)	phase 3 begin.
(0)	phase 3 done.
(0)	phase 4 begin.
(0)	phase 4 done.
(0)	phase 5 begin.
(0)	phase 5 done.
(0)	phase 6 begin.
(0)	phase 6 done.
(0)	phase 7 begin.
(0)	phase 7 done.
(0)	phase 8 begin.
(0)	phase 8 done.
(0)	IOfP done. Mon Aug  5 21:19:27 CST 2024
(0)	IOsP begin. Mon Aug  5 21:19:27 CST 2024
(0)	phase 1 begin.
(0)	phase 1 done.
(0)	phase 2 begin.
(0)	phase 2 done.
(0)	phase 3 begin.
(0)	phase 3 done.
(0)	phase 4 begin.
(0)	phase 4 done.
(0)	phase 5 begin.
(0)	phase 5 done.
(0)	phase 6 begin.
(0)	phase 6 done.
(0)	phase 7 begin.
(0)	phase 7 done.
(0)	phase 8 begin.
(0)	phase 8 done.
(0)	IOsP done. Mon Aug  5 21:20:27 CST 2024
(0)	store begin. Mon Aug  5 21:20:27 CST 2024
(0)	store done. Mon Aug  5 21:20:27 CST 2024
