input in flex scanner failed
(0)	complete OMI selling Sun Dec  8 14:02:45 CST 2024
(0)	random calc begin. Sun Dec  8 14:02:45 CST 2024
(0)	phase 5 begin.
(0)	phase 5 done.
(0)	phase 5 begin.
(0)	phase 5 done.
(0)	random calc done. Mon Dec  9 00:17:41 CST 2024
(0)	store begin. Mon Dec  9 00:17:41 CST 2024
(0)	store done. Mon Dec  9 00:17:54 CST 2024
input in flex scanner failed
(0)	complete OMI selling Sun Dec  8 14:02:09 CST 2024
(0)	random calc begin. Sun Dec  8 14:02:09 CST 2024
(0)	phase 5 begin.
(0)	phase 5 done.
(0)	phase 5 begin.
(0)	phase 5 done.
(0)	random calc done. Mon Dec  9 00:19:11 CST 2024
(0)	store begin. Mon Dec  9 00:19:11 CST 2024
(0)	store done. Mon Dec  9 00:19:11 CST 2024
input in flex scanner failed
(0)	complete OMI selling Sun Dec  8 14:03:00 CST 2024
(0)	random calc begin. Sun Dec  8 14:03:00 CST 2024
(0)	phase 5 begin.
(0)	phase 5 done.
(0)	phase 5 begin.
(0)	phase 5 done.
(0)	random calc done. Mon Dec  9 03:42:40 CST 2024
(0)	store begin. Mon Dec  9 03:42:40 CST 2024
(0)	store done. Mon Dec  9 03:42:40 CST 2024
